  StdAfx.cpp
f:\iap-dfu\2.winapp-iap(dfu)\dfusedemo\include\hidpi++.h : warning C4819: 该文件包含不能在当前代码页(936)中表示的字符。请将该文件保存为 Unicode 格式以防止数据丢失
f:\iap-dfu\2.winapp-iap(dfu)\dfusedemo\include\hidpi++.h(782): warning C4819: 该文件包含不能在当前代码页(936)中表示的字符。请将该文件保存为 Unicode 格式以防止数据丢失
  DfuSeDemo.cpp
  DfuSeDemoDlg.cpp
DfuSeDemoDlg.cpp(699): warning C4018: “<”: 有符号/无符号不匹配
DfuSeDemoDlg.cpp(701): warning C4018: “<”: 有符号/无符号不匹配
DfuSeDemoDlg.cpp(1102): warning C4018: “<”: 有符号/无符号不匹配
DfuSeDemoDlg.cpp(1365): warning C4996: 'strrev': The POSIX name for this item is deprecated. Instead, use the ISO C and C++ conformant name: _strrev. See online help for details.
  C:\Program Files (x86)\Windows Kits\10\Include\10.0.10240.0\ucrt\string.h(593): note: 参见“strrev”的声明
DfuSeDemoDlg.cpp(1367): warning C4996: 'strrev': The POSIX name for this item is deprecated. Instead, use the ISO C and C++ conformant name: _strrev. See online help for details.
  C:\Program Files (x86)\Windows Kits\10\Include\10.0.10240.0\ucrt\string.h(593): note: 参见“strrev”的声明
DfuSeDemoDlg.cpp(1395): warning C4996: 'strrev': The POSIX name for this item is deprecated. Instead, use the ISO C and C++ conformant name: _strrev. See online help for details.
  C:\Program Files (x86)\Windows Kits\10\Include\10.0.10240.0\ucrt\string.h(593): note: 参见“strrev”的声明
DfuSeDemoDlg.cpp(1397): warning C4996: 'strrev': The POSIX name for this item is deprecated. Instead, use the ISO C and C++ conformant name: _strrev. See online help for details.
  C:\Program Files (x86)\Windows Kits\10\Include\10.0.10240.0\ucrt\string.h(593): note: 参见“strrev”的声明
DfuSeDemoDlg.cpp(2756): warning C4996: 'strcmpi': The POSIX name for this item is deprecated. Instead, use the ISO C and C++ conformant name: _strcmpi. See online help for details.
  C:\Program Files (x86)\Windows Kits\10\Include\10.0.10240.0\ucrt\string.h(562): note: 参见“strcmpi”的声明
DfuSeDemoDlg.cpp(2853): warning C4996: '_sleep': This function or variable has been superceded by newer library or operating system functionality. Consider using Sleep instead. See online help for details.
  C:\Program Files (x86)\Windows Kits\10\Include\10.0.10240.0\ucrt\stdlib.h(1266): note: 参见“_sleep”的声明
  Enumeration.cpp
  HexEdit.cpp
  MappingDlg.cpp
  OptionBytesDialog.cpp
OptionBytesDialog.cpp(311): warning C4244: “初始化”: 从“unsigned long”转换到“BYTE”，可能丢失数据
OptionBytesDialog.cpp(326): warning C4244: “初始化”: 从“unsigned long”转换到“BYTE”，可能丢失数据
OptionBytesDialog.cpp(341): warning C4244: “初始化”: 从“unsigned long”转换到“BYTE”，可能丢失数据
OptionBytesDialog.cpp(355): warning C4244: “初始化”: 从“unsigned long”转换到“BYTE”，可能丢失数据
OptionBytesDialog.cpp(356): warning C4244: “初始化”: 从“unsigned long”转换到“BYTE”，可能丢失数据
OptionBytesDialog.cpp(357): warning C4244: “初始化”: 从“unsigned long”转换到“BYTE”，可能丢失数据
OptionBytesDialog.cpp(358): warning C4244: “初始化”: 从“unsigned long”转换到“BYTE”，可能丢失数据
OptionBytesDialog.cpp(359): warning C4244: “初始化”: 从“unsigned long”转换到“BYTE”，可能丢失数据
OptionBytesDialog.cpp(360): warning C4244: “初始化”: 从“unsigned long”转换到“BYTE”，可能丢失数据
OptionBytesDialog.cpp(361): warning C4244: “初始化”: 从“unsigned long”转换到“BYTE”，可能丢失数据
OptionBytesDialog.cpp(362): warning C4244: “初始化”: 从“unsigned long”转换到“BYTE”，可能丢失数据
  OptionBytesDialog_f2.cpp
OptionBytesDialog_f2.cpp(400): warning C4244: “初始化”: 从“unsigned long”转换到“BYTE”，可能丢失数据
OptionBytesDialog_f2.cpp(415): warning C4244: “初始化”: 从“unsigned long”转换到“BYTE”，可能丢失数据
OptionBytesDialog_f2.cpp(430): warning C4244: “初始化”: 从“unsigned long”转换到“BYTE”，可能丢失数据
OptionBytesDialog_f2.cpp(446): warning C4244: “初始化”: 从“unsigned long”转换到“BYTE”，可能丢失数据
OptionBytesDialog_f2.cpp(461): warning C4244: “初始化”: 从“unsigned long”转换到“BYTE”，可能丢失数据
OptionBytesDialog_f2.cpp(475): warning C4244: “初始化”: 从“unsigned long”转换到“BYTE”，可能丢失数据
OptionBytesDialog_f2.cpp(476): warning C4244: “初始化”: 从“unsigned long”转换到“BYTE”，可能丢失数据
OptionBytesDialog_f2.cpp(477): warning C4244: “初始化”: 从“unsigned long”转换到“SHORT”，可能丢失数据
OptionBytesDialog_f2.cpp(478): warning C4244: “初始化”: 从“SHORT”转换到“BYTE”，可能丢失数据
  OptionBytesDialog_l1.cpp
OptionBytesDialog_l1.cpp(470): warning C4244: “初始化”: 从“unsigned long”转换到“BYTE”，可能丢失数据
OptionBytesDialog_l1.cpp(485): warning C4244: “初始化”: 从“unsigned long”转换到“BYTE”，可能丢失数据
OptionBytesDialog_l1.cpp(501): warning C4244: “初始化”: 从“unsigned long”转换到“BYTE”，可能丢失数据
OptionBytesDialog_l1.cpp(516): warning C4244: “初始化”: 从“unsigned long”转换到“BYTE”，可能丢失数据
OptionBytesDialog_l1.cpp(532): warning C4244: “初始化”: 从“unsigned long”转换到“BYTE”，可能丢失数据
OptionBytesDialog_l1.cpp(547): warning C4244: “初始化”: 从“unsigned long”转换到“BYTE”，可能丢失数据
OptionBytesDialog_l1.cpp(562): warning C4244: “初始化”: 从“unsigned long”转换到“BYTE”，可能丢失数据
OptionBytesDialog_l1.cpp(577): warning C4244: “初始化”: 从“unsigned long”转换到“BYTE”，可能丢失数据
OptionBytesDialog_l1.cpp(590): warning C4244: “初始化”: 从“unsigned long”转换到“BYTE”，可能丢失数据
OptionBytesDialog_l1.cpp(591): warning C4244: “初始化”: 从“unsigned long”转换到“BYTE”，可能丢失数据
OptionBytesDialog_l1.cpp(592): warning C4244: “初始化”: 从“unsigned long”转换到“SHORT”，可能丢失数据
OptionBytesDialog_l1.cpp(593): warning C4244: “初始化”: 从“SHORT”转换到“BYTE”，可能丢失数据
OptionBytesDialog_l1.cpp(595): warning C4244: “初始化”: 从“unsigned long”转换到“SHORT”，可能丢失数据
OptionBytesDialog_l1.cpp(596): warning C4244: “初始化”: 从“SHORT”转换到“BYTE”，可能丢失数据
OptionBytesDialog_l1.cpp(598): warning C4244: “初始化”: 从“unsigned long”转换到“SHORT”，可能丢失数据
OptionBytesDialog_l1.cpp(599): warning C4244: “初始化”: 从“SHORT”转换到“BYTE”，可能丢失数据
OptionBytesDialog_l1.cpp(601): warning C4244: “初始化”: 从“unsigned long”转换到“SHORT”，可能丢失数据
OptionBytesDialog_l1.cpp(602): warning C4244: “初始化”: 从“SHORT”转换到“BYTE”，可能丢失数据
OptionBytesDialog_l1.cpp(604): warning C4244: “初始化”: 从“unsigned long”转换到“SHORT”，可能丢失数据
OptionBytesDialog_l1.cpp(605): warning C4244: “初始化”: 从“SHORT”转换到“BYTE”，可能丢失数据
OptionBytesDialog_l1.cpp(607): warning C4244: “初始化”: 从“unsigned long”转换到“SHORT”，可能丢失数据
OptionBytesDialog_l1.cpp(608): warning C4244: “初始化”: 从“SHORT”转换到“BYTE”，可能丢失数据
  TextProgressCtrl.cpp
TextProgressCtrl.cpp(158): warning C4996: '_tcsncpy': This function or variable may be unsafe. Consider using _tcsncpy_s instead. To disable deprecation, use _CRT_SECURE_NO_WARNINGS. See online help for details.
  C:\Program Files (x86)\Windows Kits\10\Include\10.0.10240.0\ucrt\tchar.h(1541): note: 参见“_tcsncpy”的声明
  正在生成代码...
DfuSeDemo.rc(242): warning RC2182: duplicate dialog control ID 1061
  
  DfuSeDemo.vcxproj -> F:\IAP-DFU\2.WINAPP-IAP(DFU)\DfuseDemo\..\Binary\Release\DfuSeDemo.exe
